2017-05-11 17:05:41,157 [FileSystemWatcher: files=#128 cl=groovy.lang.GroovyClassLoader@38aa816f] ERROR StackTrace  - Full Stack Trace:
java.lang.IllegalArgumentException: Parameter for constraint [max] of property [username] of class [class com.firstApp.User] must be the same type as property: [java.lang.String]
	at org.codehaus.groovy.grails.validation.MaxConstraint.setParameter(MaxConstraint.java:67)
	at org.codehaus.groovy.grails.validation.ConstrainedProperty.applyConstraint(ConstrainedProperty.java:1031)
	at org.codehaus.groovy.grails.validation.ConstrainedPropertyBuilder.createNode(ConstrainedPropertyBuilder.java:134)
	at groovy.util.BuilderSupport.doInvokeMethod(BuilderSupport.java:81)
	at org.codehaus.groovy.grails.validation.ConstrainedPropertyBuilder.doInvokeMethod(ConstrainedPropertyBuilder.java:70)
	at groovy.util.BuilderSupport.invokeMethod(BuilderSupport.java:64)
	at groovy.lang.MetaClassImpl.invokeMethodOnGroovyObject(MetaClassImpl.java:1272)
	at groovy.lang.MetaClassImpl.invokeMethod(MetaClassImpl.java:1104)
	at groovy.lang.ExpandoMetaClass.invokeMethod(ExpandoMetaClass.java:1110)
	at groovy.lang.MetaClassImpl.invokeMethod(MetaClassImpl.java:1016)
	at org.codehaus.groovy.runtime.callsite.PogoMetaClassSite.callCurrent(PogoMetaClassSite.java:66)
	at org.codehaus.groovy.runtime.callsite.CallSiteArray.defaultCallCurrent(CallSiteArray.java:49)
	at org.codehaus.groovy.runtime.callsite.AbstractCallSite.callCurrent(AbstractCallSite.java:133)
	at org.codehaus.groovy.runtime.callsite.AbstractCallSite.callCurrent(AbstractCallSite.java:141)
	at com.firstApp.User$__clinit__closure1$$EQJJcLtQ.doCall(User.groovy:10)
	at com.firstApp.User$__clinit__closure1$$DQJJcLtQ.doCall(Unknown Source)
	at com.firstApp.User$__clinit__closure1.doCall(User.groovy)
	at com.firstApp.User$__clinit__closure1$$EQJJcLtQ.doCall(User.groovy)
	at sun.reflect.NativeMethodAccessorImpl.invoke0(Native Method)
	at sun.reflect.NativeMethodAccessorImpl.invoke(NativeMethodAccessorImpl.java:62)
	at sun.reflect.DelegatingMethodAccessorImpl.invoke(DelegatingMethodAccessorImpl.java:43)
	at java.lang.reflect.Method.invoke(Method.java:483)
	at org.springsource.loaded.ri.ReloadedTypeInvoker$2.invoke(ReloadedTypeInvoker.java:122)
	at org.springsource.loaded.ri.ReflectiveInterceptor.jlrMethodInvoke(ReflectiveInterceptor.java:1299)
	at org.codehaus.groovy.reflection.CachedMethod.invoke(CachedMethod.java:90)
	at groovy.lang.MetaMethod.doMethodInvoke(MetaMethod.java:324)
	at groovy.lang.MetaClassImpl.invokeMethod(MetaClassImpl.java:1207)
	at groovy.lang.ExpandoMetaClass.invokeMethod(ExpandoMetaClass.java:1110)
	at groovy.lang.MetaClassImpl.invokeMethod(MetaClassImpl.java:1016)
	at groovy.lang.Closure.call(Closure.java:423)
	at com.firstApp.User$__clinit__closure1.call(User.groovy)
	at groovy.lang.Closure.call(Closure.java:417)
	at com.firstApp.User$__clinit__closure1.call(User.groovy)
	at org.codehaus.groovy.grails.validation.DefaultConstraintEvaluator.evaluateConstraints(DefaultConstraintEvaluator.java:105)
	at org.codehaus.groovy.grails.validation.DefaultConstraintEvaluator.evaluate(DefaultConstraintEvaluator.java:298)
	at org.codehaus.groovy.grails.commons.DefaultGrailsDomainClass.refreshConstraints(DefaultGrailsDomainClass.java:797)
	at org.codehaus.groovy.grails.commons.DefaultGrailsApplication.refreshConstraints(DefaultGrailsApplication.java:338)
	at org.codehaus.groovy.grails.commons.GrailsApplication$refreshConstraints$3.call(Unknown Source)
	at org.codehaus.groovy.grails.plugins.DomainClassGrailsPlugin$_closure3.doCall(DomainClassGrailsPlugin.groovy:158)
	at sun.reflect.NativeMethodAccessorImpl.invoke0(Native Method)
	at sun.reflect.NativeMethodAccessorImpl.invoke(NativeMethodAccessorImpl.java:62)
	at sun.reflect.DelegatingMethodAccessorImpl.invoke(DelegatingMethodAccessorImpl.java:43)
	at java.lang.reflect.Method.invoke(Method.java:483)
	at org.springsource.loaded.ri.ReflectiveInterceptor.jlrMethodInvoke(ReflectiveInterceptor.java:1276)
	at org.codehaus.groovy.reflection.CachedMethod.invoke(CachedMethod.java:90)
	at groovy.lang.MetaMethod.doMethodInvoke(MetaMethod.java:324)
	at groovy.lang.MetaClassImpl.invokeMethod(MetaClassImpl.java:1207)
	at groovy.lang.ExpandoMetaClass.invokeMethod(ExpandoMetaClass.java:1110)
	at groovy.lang.MetaClassImpl.invokeMethod(MetaClassImpl.java:1016)
	at groovy.lang.Closure.call(Closure.java:423)
	at org.codehaus.groovy.grails.plugins.DefaultGrailsPlugin.invokeOnChangeListener(DefaultGrailsPlugin.java:767)
	at org.codehaus.groovy.grails.plugins.DefaultGrailsPlugin.notifyOfEvent(DefaultGrailsPlugin.java:716)
	at org.codehaus.groovy.grails.plugins.DefaultGrailsPlugin.notifyOfEvent(DefaultGrailsPlugin.java:731)
	at org.codehaus.groovy.grails.plugins.AbstractGrailsPluginManager.informOfClassChange(AbstractGrailsPluginManager.java:408)
	at org.codehaus.groovy.grails.project.compiler.GrailsProjectWatcher$2.run(GrailsProjectWatcher.java:246)
	at org.codehaus.groovy.grails.project.compiler.GrailsProjectWatcher.firePendingClassChangeEvents(GrailsProjectWatcher.java:107)
	at org.codehaus.groovy.grails.cli.agent.GrailsPluginManagerReloadPlugin.reloadEvent(GrailsPluginManagerReloadPlugin.java:42)
	at org.springsource.loaded.TypeRegistry.fireReloadEvent(TypeRegistry.java:1767)
	at org.springsource.loaded.ReloadableType.loadNewVersion(ReloadableType.java:405)
	at org.springsource.loaded.TypeRegistry.loadNewVersion(TypeRegistry.java:845)
	at org.springsource.loaded.agent.ReloadableFileChangeListener.fileChanged(ReloadableFileChangeListener.java:51)
	at org.springsource.loaded.agent.Watcher.determineChangesSince(FileSystemWatcher.java:235)
	at org.springsource.loaded.agent.Watcher.run(FileSystemWatcher.java:219)
	at java.lang.Thread.run(Thread.java:745)
2017-05-11 17:05:41,161 [FileSystemWatcher: files=#128 cl=groovy.lang.GroovyClassLoader@38aa816f] ERROR StackTrace  - Full Stack Trace:
java.lang.IllegalArgumentException: Parameter for constraint [max] of property [username] of class [class com.firstApp.User] must be the same type as property: [java.lang.String]
	at com.firstApp.User$__clinit__closure1$$EQJJcLtQ.doCall(User.groovy:10)
	at java.lang.Thread.run(Thread.java:745)
2017-05-11 17:05:41,161 [FileSystemWatcher: files=#128 cl=groovy.lang.GroovyClassLoader@38aa816f] ERROR StackTrace  - Full Stack Trace:
java.lang.IllegalArgumentException: Parameter for constraint [max] of property [username] of class [class com.firstApp.User] must be the same type as property: [java.lang.String]
	at com.firstApp.User$__clinit__closure1$$EQJJcLtQ.doCall(User.groovy:10)
	at java.lang.Thread.run(Thread.java:745)
2017-05-11 17:05:41,161 [FileSystemWatcher: files=#128 cl=groovy.lang.GroovyClassLoader@38aa816f] ERROR StackTrace  - Full Stack Trace:
java.lang.IllegalArgumentException: Parameter for constraint [max] of property [username] of class [class com.firstApp.User] must be the same type as property: [java.lang.String]
	at com.firstApp.User$__clinit__closure1$$EQJJcLtQ.doCall(User.groovy:10)
	at java.lang.Thread.run(Thread.java:745)
2017-05-11 17:05:41,192 [FileSystemWatcher: files=#128 cl=groovy.lang.GroovyClassLoader@38aa816f] ERROR StackTrace  - Full Stack Trace:
org.codehaus.groovy.grails.validation.exceptions.ConstraintException: Exception thrown applying constraint [max] to class [class com.firstApp.User] for value [30]: Parameter for constraint [max] of property [username] of class [class com.firstApp.User] must be the same type as property: [java.lang.String]
	at org.codehaus.groovy.grails.validation.ConstrainedProperty.applyConstraint(ConstrainedProperty.java:1038)
	at org.codehaus.groovy.grails.validation.ConstrainedPropertyBuilder.createNode(ConstrainedPropertyBuilder.java:134)
	at groovy.util.BuilderSupport.doInvokeMethod(BuilderSupport.java:81)
	at org.codehaus.groovy.grails.validation.ConstrainedPropertyBuilder.doInvokeMethod(ConstrainedPropertyBuilder.java:70)
	at groovy.util.BuilderSupport.invokeMethod(BuilderSupport.java:64)
	at groovy.lang.MetaClassImpl.invokeMethodOnGroovyObject(MetaClassImpl.java:1272)
	at groovy.lang.MetaClassImpl.invokeMethod(MetaClassImpl.java:1104)
	at groovy.lang.ExpandoMetaClass.invokeMethod(ExpandoMetaClass.java:1110)
	at groovy.lang.MetaClassImpl.invokeMethod(MetaClassImpl.java:1016)
	at org.codehaus.groovy.runtime.callsite.PogoMetaClassSite.callCurrent(PogoMetaClassSite.java:66)
	at org.codehaus.groovy.runtime.callsite.CallSiteArray.defaultCallCurrent(CallSiteArray.java:49)
	at org.codehaus.groovy.runtime.callsite.AbstractCallSite.callCurrent(AbstractCallSite.java:133)
	at org.codehaus.groovy.runtime.callsite.AbstractCallSite.callCurrent(AbstractCallSite.java:141)
	at com.firstApp.User$__clinit__closure1$$EQJJcLtQ.doCall(User.groovy:10)
	at com.firstApp.User$__clinit__closure1$$DQJJcLtQ.doCall(Unknown Source)
	at com.firstApp.User$__clinit__closure1.doCall(User.groovy)
	at com.firstApp.User$__clinit__closure1$$EQJJcLtQ.doCall(User.groovy)
	at sun.reflect.NativeMethodAccessorImpl.invoke0(Native Method)
	at sun.reflect.NativeMethodAccessorImpl.invoke(NativeMethodAccessorImpl.java:62)
	at sun.reflect.DelegatingMethodAccessorImpl.invoke(DelegatingMethodAccessorImpl.java:43)
	at java.lang.reflect.Method.invoke(Method.java:483)
	at org.springsource.loaded.ri.ReloadedTypeInvoker$2.invoke(ReloadedTypeInvoker.java:122)
	at org.springsource.loaded.ri.ReflectiveInterceptor.jlrMethodInvoke(ReflectiveInterceptor.java:1299)
	at org.codehaus.groovy.reflection.CachedMethod.invoke(CachedMethod.java:90)
	at groovy.lang.MetaMethod.doMethodInvoke(MetaMethod.java:324)
	at groovy.lang.MetaClassImpl.invokeMethod(MetaClassImpl.java:1207)
	at groovy.lang.ExpandoMetaClass.invokeMethod(ExpandoMetaClass.java:1110)
	at groovy.lang.MetaClassImpl.invokeMethod(MetaClassImpl.java:1016)
	at groovy.lang.Closure.call(Closure.java:423)
	at com.firstApp.User$__clinit__closure1.call(User.groovy)
	at groovy.lang.Closure.call(Closure.java:417)
	at com.firstApp.User$__clinit__closure1.call(User.groovy)
	at org.codehaus.groovy.grails.validation.DefaultConstraintEvaluator.evaluateConstraints(DefaultConstraintEvaluator.java:105)
	at org.codehaus.groovy.grails.validation.DefaultConstraintEvaluator.evaluate(DefaultConstraintEvaluator.java:298)
	at org.codehaus.groovy.grails.commons.DefaultGrailsDomainClass.refreshConstraints(DefaultGrailsDomainClass.java:797)
	at org.codehaus.groovy.grails.commons.DefaultGrailsApplication.refreshConstraints(DefaultGrailsApplication.java:338)
	at org.codehaus.groovy.grails.commons.GrailsApplication$refreshConstraints$3.call(Unknown Source)
	at org.codehaus.groovy.grails.plugins.DomainClassGrailsPlugin$_closure3.doCall(DomainClassGrailsPlugin.groovy:158)
	at sun.reflect.NativeMethodAccessorImpl.invoke0(Native Method)
	at sun.reflect.NativeMethodAccessorImpl.invoke(NativeMethodAccessorImpl.java:62)
	at sun.reflect.DelegatingMethodAccessorImpl.invoke(DelegatingMethodAccessorImpl.java:43)
	at java.lang.reflect.Method.invoke(Method.java:483)
	at org.springsource.loaded.ri.ReflectiveInterceptor.jlrMethodInvoke(ReflectiveInterceptor.java:1276)
	at org.codehaus.groovy.reflection.CachedMethod.invoke(CachedMethod.java:90)
	at groovy.lang.MetaMethod.doMethodInvoke(MetaMethod.java:324)
	at groovy.lang.MetaClassImpl.invokeMethod(MetaClassImpl.java:1207)
	at groovy.lang.ExpandoMetaClass.invokeMethod(ExpandoMetaClass.java:1110)
	at groovy.lang.MetaClassImpl.invokeMethod(MetaClassImpl.java:1016)
	at groovy.lang.Closure.call(Closure.java:423)
	at org.codehaus.groovy.grails.plugins.DefaultGrailsPlugin.invokeOnChangeListener(DefaultGrailsPlugin.java:767)
	at org.codehaus.groovy.grails.plugins.DefaultGrailsPlugin.notifyOfEvent(DefaultGrailsPlugin.java:716)
	at org.codehaus.groovy.grails.plugins.DefaultGrailsPlugin.notifyOfEvent(DefaultGrailsPlugin.java:731)
	at org.codehaus.groovy.grails.plugins.AbstractGrailsPluginManager.informOfClassChange(AbstractGrailsPluginManager.java:408)
	at org.codehaus.groovy.grails.project.compiler.GrailsProjectWatcher$2.run(GrailsProjectWatcher.java:246)
	at org.codehaus.groovy.grails.project.compiler.GrailsProjectWatcher.firePendingClassChangeEvents(GrailsProjectWatcher.java:107)
	at org.codehaus.groovy.grails.cli.agent.GrailsPluginManagerReloadPlugin.reloadEvent(GrailsPluginManagerReloadPlugin.java:42)
	at org.springsource.loaded.TypeRegistry.fireReloadEvent(TypeRegistry.java:1767)
	at org.springsource.loaded.ReloadableType.loadNewVersion(ReloadableType.java:405)
	at org.springsource.loaded.TypeRegistry.loadNewVersion(TypeRegistry.java:845)
	at org.springsource.loaded.agent.ReloadableFileChangeListener.fileChanged(ReloadableFileChangeListener.java:51)
	at org.springsource.loaded.agent.Watcher.determineChangesSince(FileSystemWatcher.java:235)
	at org.springsource.loaded.agent.Watcher.run(FileSystemWatcher.java:219)
	at java.lang.Thread.run(Thread.java:745)
Caused by: java.lang.IllegalArgumentException: Parameter for constraint [max] of property [username] of class [class com.firstApp.User] must be the same type as property: [java.lang.String]
	at com.firstApp.User$__clinit__closure1$$EQJJcLtQ.doCall(User.groovy:10)
	... 1 more
2017-05-11 17:05:41,193 [FileSystemWatcher: files=#128 cl=groovy.lang.GroovyClassLoader@38aa816f] ERROR StackTrace  - Full Stack Trace:
java.lang.IllegalArgumentException: Parameter for constraint [max] of property [username] of class [class com.firstApp.User] must be the same type as property: [java.lang.String]
	at com.firstApp.User$__clinit__closure1$$EQJJcLtQ.doCall(User.groovy:10)
	at java.lang.Thread.run(Thread.java:745)
2017-05-11 17:05:41,193 [FileSystemWatcher: files=#128 cl=groovy.lang.GroovyClassLoader@38aa816f] ERROR StackTrace  - Full Stack Trace:
org.codehaus.groovy.grails.validation.exceptions.ConstraintException: Exception thrown applying constraint [max] to class [class com.firstApp.User] for value [30]: Parameter for constraint [max] of property [username] of class [class com.firstApp.User] must be the same type as property: [java.lang.String]
	at com.firstApp.User$__clinit__closure1$$EQJJcLtQ.doCall(User.groovy:10)
	at java.lang.Thread.run(Thread.java:745)
Caused by: java.lang.IllegalArgumentException: Parameter for constraint [max] of property [username] of class [class com.firstApp.User] must be the same type as property: [java.lang.String]
	... 2 more
2017-05-11 17:05:41,193 [FileSystemWatcher: files=#128 cl=groovy.lang.GroovyClassLoader@38aa816f] ERROR StackTrace  - Full Stack Trace:
org.codehaus.groovy.grails.validation.exceptions.ConstraintException: Exception thrown applying constraint [max] to class [class com.firstApp.User] for value [30]: Parameter for constraint [max] of property [username] of class [class com.firstApp.User] must be the same type as property: [java.lang.String]
	at com.firstApp.User$__clinit__closure1$$EQJJcLtQ.doCall(User.groovy:10)
	at java.lang.Thread.run(Thread.java:745)
Caused by: java.lang.IllegalArgumentException: Parameter for constraint [max] of property [username] of class [class com.firstApp.User] must be the same type as property: [java.lang.String]
	... 2 more
2017-05-11 17:05:41,193 [FileSystemWatcher: files=#128 cl=groovy.lang.GroovyClassLoader@38aa816f] ERROR StackTrace  - Full Stack Trace:
java.lang.IllegalArgumentException: Parameter for constraint [max] of property [username] of class [class com.firstApp.User] must be the same type as property: [java.lang.String]
	at com.firstApp.User$__clinit__closure1$$EQJJcLtQ.doCall(User.groovy:10)
	at java.lang.Thread.run(Thread.java:745)
2017-05-11 17:05:41,193 [FileSystemWatcher: files=#128 cl=groovy.lang.GroovyClassLoader@38aa816f] ERROR StackTrace  - Full Stack Trace:
org.codehaus.groovy.grails.validation.exceptions.ConstraintException: Exception thrown applying constraint [max] to class [class com.firstApp.User] for value [30]: Parameter for constraint [max] of property [username] of class [class com.firstApp.User] must be the same type as property: [java.lang.String]
	at com.firstApp.User$__clinit__closure1$$EQJJcLtQ.doCall(User.groovy:10)
	at java.lang.Thread.run(Thread.java:745)
Caused by: java.lang.IllegalArgumentException: Parameter for constraint [max] of property [username] of class [class com.firstApp.User] must be the same type as property: [java.lang.String]
	... 2 more
2017-05-11 17:07:12,174 [Thread-8] ERROR StackTrace  - Full Stack Trace:
java.lang.IllegalArgumentException: Parameter for constraint [max] of property [username] of class [class com.firstApp.User] must be the same type as property: [java.lang.String]
	at org.codehaus.groovy.grails.validation.MaxConstraint.setParameter(MaxConstraint.java:67)
	at org.codehaus.groovy.grails.validation.ConstrainedProperty.applyConstraint(ConstrainedProperty.java:1031)
	at org.codehaus.groovy.grails.validation.ConstrainedPropertyBuilder.createNode(ConstrainedPropertyBuilder.java:134)
	at groovy.util.BuilderSupport.doInvokeMethod(BuilderSupport.java:81)
	at org.codehaus.groovy.grails.validation.ConstrainedPropertyBuilder.doInvokeMethod(ConstrainedPropertyBuilder.java:70)
	at groovy.util.BuilderSupport.invokeMethod(BuilderSupport.java:64)
	at groovy.lang.MetaClassImpl.invokeMethodOnGroovyObject(MetaClassImpl.java:1272)
	at groovy.lang.MetaClassImpl.invokeMethod(MetaClassImpl.java:1104)
	at groovy.lang.ExpandoMetaClass.invokeMethod(ExpandoMetaClass.java:1110)
	at groovy.lang.MetaClassImpl.invokeMethod(MetaClassImpl.java:1016)
	at org.codehaus.groovy.runtime.callsite.PogoMetaClassSite.callCurrent(PogoMetaClassSite.java:66)
	at org.codehaus.groovy.runtime.callsite.AbstractCallSite.callCurrent(AbstractCallSite.java:141)
	at com.firstApp.User$__clinit__closure1$$EQJJcLtQ.doCall(User.groovy:10)
	at com.firstApp.User$__clinit__closure1$$DQJJcLtQ.doCall(Unknown Source)
	at com.firstApp.User$__clinit__closure1.doCall(User.groovy)
	at com.firstApp.User$__clinit__closure1$$EQJJcLtQ.doCall(User.groovy)
	at sun.reflect.NativeMethodAccessorImpl.invoke0(Native Method)
	at sun.reflect.NativeMethodAccessorImpl.invoke(NativeMethodAccessorImpl.java:62)
	at sun.reflect.DelegatingMethodAccessorImpl.invoke(DelegatingMethodAccessorImpl.java:43)
	at java.lang.reflect.Method.invoke(Method.java:483)
	at org.springsource.loaded.ri.ReloadedTypeInvoker$2.invoke(ReloadedTypeInvoker.java:122)
	at org.springsource.loaded.ri.ReflectiveInterceptor.jlrMethodInvoke(ReflectiveInterceptor.java:1299)
	at org.codehaus.groovy.reflection.CachedMethod.invoke(CachedMethod.java:90)
	at groovy.lang.MetaMethod.doMethodInvoke(MetaMethod.java:324)
	at groovy.lang.MetaClassImpl.invokeMethod(MetaClassImpl.java:1207)
	at groovy.lang.ExpandoMetaClass.invokeMethod(ExpandoMetaClass.java:1110)
	at groovy.lang.MetaClassImpl.invokeMethod(MetaClassImpl.java:1016)
	at groovy.lang.Closure.call(Closure.java:423)
	at com.firstApp.User$__clinit__closure1.call(User.groovy)
	at groovy.lang.Closure.call(Closure.java:417)
	at com.firstApp.User$__clinit__closure1.call(User.groovy)
	at org.codehaus.groovy.grails.validation.DefaultConstraintEvaluator.evaluateConstraints(DefaultConstraintEvaluator.java:105)
	at org.codehaus.groovy.grails.validation.DefaultConstraintEvaluator.evaluate(DefaultConstraintEvaluator.java:298)
	at org.codehaus.groovy.grails.commons.DefaultGrailsDomainClass.refreshConstraints(DefaultGrailsDomainClass.java:797)
	at org.codehaus.groovy.grails.commons.DefaultGrailsApplication.refreshConstraints(DefaultGrailsApplication.java:338)
	at org.codehaus.groovy.grails.commons.GrailsApplication$refreshConstraints$3.call(Unknown Source)
	at org.codehaus.groovy.grails.plugins.DomainClassGrailsPlugin$_closure3.doCall(DomainClassGrailsPlugin.groovy:158)
	at sun.reflect.NativeMethodAccessorImpl.invoke0(Native Method)
	at sun.reflect.NativeMethodAccessorImpl.invoke(NativeMethodAccessorImpl.java:62)
	at sun.reflect.DelegatingMethodAccessorImpl.invoke(DelegatingMethodAccessorImpl.java:43)
	at java.lang.reflect.Method.invoke(Method.java:483)
	at org.springsource.loaded.ri.ReflectiveInterceptor.jlrMethodInvoke(ReflectiveInterceptor.java:1276)
	at org.codehaus.groovy.reflection.CachedMethod.invoke(CachedMethod.java:90)
	at groovy.lang.MetaMethod.doMethodInvoke(MetaMethod.java:324)
	at groovy.lang.MetaClassImpl.invokeMethod(MetaClassImpl.java:1207)
	at groovy.lang.ExpandoMetaClass.invokeMethod(ExpandoMetaClass.java:1110)
	at groovy.lang.MetaClassImpl.invokeMethod(MetaClassImpl.java:1016)
	at groovy.lang.Closure.call(Closure.java:423)
	at org.codehaus.groovy.grails.plugins.DefaultGrailsPlugin.invokeOnChangeListener(DefaultGrailsPlugin.java:767)
	at org.codehaus.groovy.grails.plugins.DefaultGrailsPlugin.notifyOfEvent(DefaultGrailsPlugin.java:716)
	at org.codehaus.groovy.grails.plugins.DefaultGrailsPlugin.notifyOfEvent(DefaultGrailsPlugin.java:731)
	at org.codehaus.groovy.grails.plugins.AbstractGrailsPluginManager.informOfClassChange(AbstractGrailsPluginManager.java:408)
	at org.codehaus.groovy.grails.plugins.AbstractGrailsPluginManager.informOfFileChange(AbstractGrailsPluginManager.java:366)
	at org.codehaus.groovy.grails.project.compiler.GrailsProjectWatcher.informPluginManager(GrailsProjectWatcher.java:226)
	at org.codehaus.groovy.grails.project.compiler.GrailsProjectWatcher.access$400(GrailsProjectWatcher.java:48)
	at org.codehaus.groovy.grails.project.compiler.GrailsProjectWatcher$1.onNew(GrailsProjectWatcher.java:152)
	at org.codehaus.groovy.grails.compiler.AbstractDirectoryWatcher.fireOnNew(AbstractDirectoryWatcher.java:76)
	at org.codehaus.groovy.grails.compiler.WatchServiceDirectoryWatcher.run(WatchServiceDirectoryWatcher.java:95)
	at org.codehaus.groovy.grails.compiler.DirectoryWatcher.run(DirectoryWatcher.java:154)
	at org.codehaus.groovy.grails.project.compiler.GrailsProjectWatcher.run(GrailsProjectWatcher.java:161)
	at java_lang_Runnable$run.call(Unknown Source)
	at org.codehaus.groovy.runtime.callsite.CallSiteArray.defaultCall(CallSiteArray.java:45)
	at org.codehaus.groovy.runtime.callsite.AbstractCallSite.call(AbstractCallSite.java:108)
	at org.codehaus.groovy.runtime.callsite.AbstractCallSite.call(AbstractCallSite.java:112)
	at org.codehaus.groovy.grails.cli.fork.ForkedGrailsProcess.startProjectWatcher(ForkedGrailsProcess.groovy:748)
	at sun.reflect.NativeMethodAccessorImpl.invoke0(Native Method)
	at sun.reflect.NativeMethodAccessorImpl.invoke(NativeMethodAccessorImpl.java:62)
	at sun.reflect.DelegatingMethodAccessorImpl.invoke(DelegatingMethodAccessorImpl.java:43)
	at java.lang.reflect.Method.invoke(Method.java:483)
	at org.springsource.loaded.ri.ReflectiveInterceptor.jlrMethodInvoke(ReflectiveInterceptor.java:1270)
	at org.codehaus.groovy.reflection.CachedMethod.invoke(CachedMethod.java:90)
	at groovy.lang.MetaMethod.doMethodInvoke(MetaMethod.java:324)
	at groovy.lang.MetaClassImpl.invokeMethod(MetaClassImpl.java:1207)
	at groovy.lang.MetaClassImpl.invokeMethod(MetaClassImpl.java:1016)
	at groovy.lang.MetaClassImpl.invokeMethod(MetaClassImpl.java:1152)
	at groovy.lang.ExpandoMetaClass.invokeMethod(ExpandoMetaClass.java:1110)
	at groovy.lang.MetaClassImpl.invokeMethod(MetaClassImpl.java:1016)
	at org.codehaus.groovy.runtime.callsite.PogoMetaClassSite.callCurrent(PogoMetaClassSite.java:66)
	at org.codehaus.groovy.runtime.callsite.CallSiteArray.defaultCallCurrent(CallSiteArray.java:49)
	at org.codehaus.groovy.runtime.callsite.AbstractCallSite.callCurrent(AbstractCallSite.java:133)
	at org.codehaus.groovy.runtime.callsite.AbstractCallSite.callCurrent(AbstractCallSite.java:145)
	at org.codehaus.groovy.grails.cli.fork.ForkedGrailsProcess$_setupReloading_closure17.doCall(ForkedGrailsProcess.groovy:737)
	at org.codehaus.groovy.grails.cli.fork.ForkedGrailsProcess$_setupReloading_closure17.doCall(ForkedGrailsProcess.groovy)
	at sun.reflect.NativeMethodAccessorImpl.invoke0(Native Method)
	at sun.reflect.NativeMethodAccessorImpl.invoke(NativeMethodAccessorImpl.java:62)
	at sun.reflect.DelegatingMethodAccessorImpl.invoke(DelegatingMethodAccessorImpl.java:43)
	at java.lang.reflect.Method.invoke(Method.java:483)
	at org.springsource.loaded.ri.ReflectiveInterceptor.jlrMethodInvoke(ReflectiveInterceptor.java:1270)
	at org.codehaus.groovy.reflection.CachedMethod.invoke(CachedMethod.java:90)
	at groovy.lang.MetaMethod.doMethodInvoke(MetaMethod.java:324)
	at groovy.lang.MetaClassImpl.invokeMethod(MetaClassImpl.java:1207)
	at groovy.lang.ExpandoMetaClass.invokeMethod(ExpandoMetaClass.java:1110)
	at groovy.lang.MetaClassImpl.invokeMethod(MetaClassImpl.java:1016)
	at groovy.lang.Closure.call(Closure.java:423)
	at groovy.lang.Closure.call(Closure.java:417)
	at groovy.lang.Closure.run(Closure.java:504)
	at java.lang.Thread.run(Thread.java:745)
2017-05-11 17:07:12,176 [Thread-8] ERROR StackTrace  - Full Stack Trace:
java.lang.IllegalArgumentException: Parameter for constraint [max] of property [username] of class [class com.firstApp.User] must be the same type as property: [java.lang.String]
	at com.firstApp.User$__clinit__closure1$$EQJJcLtQ.doCall(User.groovy:10)
	at java.lang.Thread.run(Thread.java:745)
2017-05-11 17:07:12,177 [Thread-8] ERROR StackTrace  - Full Stack Trace:
java.lang.IllegalArgumentException: Parameter for constraint [max] of property [username] of class [class com.firstApp.User] must be the same type as property: [java.lang.String]
	at com.firstApp.User$__clinit__closure1$$EQJJcLtQ.doCall(User.groovy:10)
	at java.lang.Thread.run(Thread.java:745)
2017-05-11 17:07:12,177 [Thread-8] ERROR StackTrace  - Full Stack Trace:
java.lang.IllegalArgumentException: Parameter for constraint [max] of property [username] of class [class com.firstApp.User] must be the same type as property: [java.lang.String]
	at com.firstApp.User$__clinit__closure1$$EQJJcLtQ.doCall(User.groovy:10)
	at java.lang.Thread.run(Thread.java:745)
2017-05-11 17:07:12,180 [Thread-8] ERROR StackTrace  - Full Stack Trace:
org.codehaus.groovy.grails.validation.exceptions.ConstraintException: Exception thrown applying constraint [max] to class [class com.firstApp.User] for value [30]: Parameter for constraint [max] of property [username] of class [class com.firstApp.User] must be the same type as property: [java.lang.String]
	at org.codehaus.groovy.grails.validation.ConstrainedProperty.applyConstraint(ConstrainedProperty.java:1038)
	at org.codehaus.groovy.grails.validation.ConstrainedPropertyBuilder.createNode(ConstrainedPropertyBuilder.java:134)
	at groovy.util.BuilderSupport.doInvokeMethod(BuilderSupport.java:81)
	at org.codehaus.groovy.grails.validation.ConstrainedPropertyBuilder.doInvokeMethod(ConstrainedPropertyBuilder.java:70)
	at groovy.util.BuilderSupport.invokeMethod(BuilderSupport.java:64)
	at groovy.lang.MetaClassImpl.invokeMethodOnGroovyObject(MetaClassImpl.java:1272)
	at groovy.lang.MetaClassImpl.invokeMethod(MetaClassImpl.java:1104)
	at groovy.lang.ExpandoMetaClass.invokeMethod(ExpandoMetaClass.java:1110)
	at groovy.lang.MetaClassImpl.invokeMethod(MetaClassImpl.java:1016)
	at org.codehaus.groovy.runtime.callsite.PogoMetaClassSite.callCurrent(PogoMetaClassSite.java:66)
	at org.codehaus.groovy.runtime.callsite.AbstractCallSite.callCurrent(AbstractCallSite.java:141)
	at com.firstApp.User$__clinit__closure1$$EQJJcLtQ.doCall(User.groovy:10)
	at com.firstApp.User$__clinit__closure1$$DQJJcLtQ.doCall(Unknown Source)
	at com.firstApp.User$__clinit__closure1.doCall(User.groovy)
	at com.firstApp.User$__clinit__closure1$$EQJJcLtQ.doCall(User.groovy)
	at sun.reflect.NativeMethodAccessorImpl.invoke0(Native Method)
	at sun.reflect.NativeMethodAccessorImpl.invoke(NativeMethodAccessorImpl.java:62)
	at sun.reflect.DelegatingMethodAccessorImpl.invoke(DelegatingMethodAccessorImpl.java:43)
	at java.lang.reflect.Method.invoke(Method.java:483)
	at org.springsource.loaded.ri.ReloadedTypeInvoker$2.invoke(ReloadedTypeInvoker.java:122)
	at org.springsource.loaded.ri.ReflectiveInterceptor.jlrMethodInvoke(ReflectiveInterceptor.java:1299)
	at org.codehaus.groovy.reflection.CachedMethod.invoke(CachedMethod.java:90)
	at groovy.lang.MetaMethod.doMethodInvoke(MetaMethod.java:324)
	at groovy.lang.MetaClassImpl.invokeMethod(MetaClassImpl.java:1207)
	at groovy.lang.ExpandoMetaClass.invokeMethod(ExpandoMetaClass.java:1110)
	at groovy.lang.MetaClassImpl.invokeMethod(MetaClassImpl.java:1016)
	at groovy.lang.Closure.call(Closure.java:423)
	at com.firstApp.User$__clinit__closure1.call(User.groovy)
	at groovy.lang.Closure.call(Closure.java:417)
	at com.firstApp.User$__clinit__closure1.call(User.groovy)
	at org.codehaus.groovy.grails.validation.DefaultConstraintEvaluator.evaluateConstraints(DefaultConstraintEvaluator.java:105)
	at org.codehaus.groovy.grails.validation.DefaultConstraintEvaluator.evaluate(DefaultConstraintEvaluator.java:298)
	at org.codehaus.groovy.grails.commons.DefaultGrailsDomainClass.refreshConstraints(DefaultGrailsDomainClass.java:797)
	at org.codehaus.groovy.grails.commons.DefaultGrailsApplication.refreshConstraints(DefaultGrailsApplication.java:338)
	at org.codehaus.groovy.grails.commons.GrailsApplication$refreshConstraints$3.call(Unknown Source)
	at org.codehaus.groovy.grails.plugins.DomainClassGrailsPlugin$_closure3.doCall(DomainClassGrailsPlugin.groovy:158)
	at sun.reflect.NativeMethodAccessorImpl.invoke0(Native Method)
	at sun.reflect.NativeMethodAccessorImpl.invoke(NativeMethodAccessorImpl.java:62)
	at sun.reflect.DelegatingMethodAccessorImpl.invoke(DelegatingMethodAccessorImpl.java:43)
	at java.lang.reflect.Method.invoke(Method.java:483)
	at org.springsource.loaded.ri.ReflectiveInterceptor.jlrMethodInvoke(ReflectiveInterceptor.java:1276)
	at org.codehaus.groovy.reflection.CachedMethod.invoke(CachedMethod.java:90)
	at groovy.lang.MetaMethod.doMethodInvoke(MetaMethod.java:324)
	at groovy.lang.MetaClassImpl.invokeMethod(MetaClassImpl.java:1207)
	at groovy.lang.ExpandoMetaClass.invokeMethod(ExpandoMetaClass.java:1110)
	at groovy.lang.MetaClassImpl.invokeMethod(MetaClassImpl.java:1016)
	at groovy.lang.Closure.call(Closure.java:423)
	at org.codehaus.groovy.grails.plugins.DefaultGrailsPlugin.invokeOnChangeListener(DefaultGrailsPlugin.java:767)
	at org.codehaus.groovy.grails.plugins.DefaultGrailsPlugin.notifyOfEvent(DefaultGrailsPlugin.java:716)
	at org.codehaus.groovy.grails.plugins.DefaultGrailsPlugin.notifyOfEvent(DefaultGrailsPlugin.java:731)
	at org.codehaus.groovy.grails.plugins.AbstractGrailsPluginManager.informOfClassChange(AbstractGrailsPluginManager.java:408)
	at org.codehaus.groovy.grails.plugins.AbstractGrailsPluginManager.informOfFileChange(AbstractGrailsPluginManager.java:366)
	at org.codehaus.groovy.grails.project.compiler.GrailsProjectWatcher.informPluginManager(GrailsProjectWatcher.java:226)
	at org.codehaus.groovy.grails.project.compiler.GrailsProjectWatcher.access$400(GrailsProjectWatcher.java:48)
	at org.codehaus.groovy.grails.project.compiler.GrailsProjectWatcher$1.onNew(GrailsProjectWatcher.java:152)
	at org.codehaus.groovy.grails.compiler.AbstractDirectoryWatcher.fireOnNew(AbstractDirectoryWatcher.java:76)
	at org.codehaus.groovy.grails.compiler.WatchServiceDirectoryWatcher.run(WatchServiceDirectoryWatcher.java:95)
	at org.codehaus.groovy.grails.compiler.DirectoryWatcher.run(DirectoryWatcher.java:154)
	at org.codehaus.groovy.grails.project.compiler.GrailsProjectWatcher.run(GrailsProjectWatcher.java:161)
	at java_lang_Runnable$run.call(Unknown Source)
	at org.codehaus.groovy.runtime.callsite.CallSiteArray.defaultCall(CallSiteArray.java:45)
	at org.codehaus.groovy.runtime.callsite.AbstractCallSite.call(AbstractCallSite.java:108)
	at org.codehaus.groovy.runtime.callsite.AbstractCallSite.call(AbstractCallSite.java:112)
	at org.codehaus.groovy.grails.cli.fork.ForkedGrailsProcess.startProjectWatcher(ForkedGrailsProcess.groovy:748)
	at sun.reflect.NativeMethodAccessorImpl.invoke0(Native Method)
	at sun.reflect.NativeMethodAccessorImpl.invoke(NativeMethodAccessorImpl.java:62)
	at sun.reflect.DelegatingMethodAccessorImpl.invoke(DelegatingMethodAccessorImpl.java:43)
	at java.lang.reflect.Method.invoke(Method.java:483)
	at org.springsource.loaded.ri.ReflectiveInterceptor.jlrMethodInvoke(ReflectiveInterceptor.java:1270)
	at org.codehaus.groovy.reflection.CachedMethod.invoke(CachedMethod.java:90)
	at groovy.lang.MetaMethod.doMethodInvoke(MetaMethod.java:324)
	at groovy.lang.MetaClassImpl.invokeMethod(MetaClassImpl.java:1207)
	at groovy.lang.MetaClassImpl.invokeMethod(MetaClassImpl.java:1016)
	at groovy.lang.MetaClassImpl.invokeMethod(MetaClassImpl.java:1152)
	at groovy.lang.ExpandoMetaClass.invokeMethod(ExpandoMetaClass.java:1110)
	at groovy.lang.MetaClassImpl.invokeMethod(MetaClassImpl.java:1016)
	at org.codehaus.groovy.runtime.callsite.PogoMetaClassSite.callCurrent(PogoMetaClassSite.java:66)
	at org.codehaus.groovy.runtime.callsite.CallSiteArray.defaultCallCurrent(CallSiteArray.java:49)
	at org.codehaus.groovy.runtime.callsite.AbstractCallSite.callCurrent(AbstractCallSite.java:133)
	at org.codehaus.groovy.runtime.callsite.AbstractCallSite.callCurrent(AbstractCallSite.java:145)
	at org.codehaus.groovy.grails.cli.fork.ForkedGrailsProcess$_setupReloading_closure17.doCall(ForkedGrailsProcess.groovy:737)
	at org.codehaus.groovy.grails.cli.fork.ForkedGrailsProcess$_setupReloading_closure17.doCall(ForkedGrailsProcess.groovy)
	at sun.reflect.NativeMethodAccessorImpl.invoke0(Native Method)
	at sun.reflect.NativeMethodAccessorImpl.invoke(NativeMethodAccessorImpl.java:62)
	at sun.reflect.DelegatingMethodAccessorImpl.invoke(DelegatingMethodAccessorImpl.java:43)
	at java.lang.reflect.Method.invoke(Method.java:483)
	at org.springsource.loaded.ri.ReflectiveInterceptor.jlrMethodInvoke(ReflectiveInterceptor.java:1270)
	at org.codehaus.groovy.reflection.CachedMethod.invoke(CachedMethod.java:90)
	at groovy.lang.MetaMethod.doMethodInvoke(MetaMethod.java:324)
	at groovy.lang.MetaClassImpl.invokeMethod(MetaClassImpl.java:1207)
	at groovy.lang.ExpandoMetaClass.invokeMethod(ExpandoMetaClass.java:1110)
	at groovy.lang.MetaClassImpl.invokeMethod(MetaClassImpl.java:1016)
	at groovy.lang.Closure.call(Closure.java:423)
	at groovy.lang.Closure.call(Closure.java:417)
	at groovy.lang.Closure.run(Closure.java:504)
	at java.lang.Thread.run(Thread.java:745)
Caused by: java.lang.IllegalArgumentException: Parameter for constraint [max] of property [username] of class [class com.firstApp.User] must be the same type as property: [java.lang.String]
	at com.firstApp.User$__clinit__closure1$$EQJJcLtQ.doCall(User.groovy:10)
	... 1 more
2017-05-11 17:07:12,181 [Thread-8] ERROR StackTrace  - Full Stack Trace:
java.lang.IllegalArgumentException: Parameter for constraint [max] of property [username] of class [class com.firstApp.User] must be the same type as property: [java.lang.String]
	at com.firstApp.User$__clinit__closure1$$EQJJcLtQ.doCall(User.groovy:10)
	at java.lang.Thread.run(Thread.java:745)
2017-05-11 17:07:12,181 [Thread-8] ERROR StackTrace  - Full Stack Trace:
org.codehaus.groovy.grails.validation.exceptions.ConstraintException: Exception thrown applying constraint [max] to class [class com.firstApp.User] for value [30]: Parameter for constraint [max] of property [username] of class [class com.firstApp.User] must be the same type as property: [java.lang.String]
	at com.firstApp.User$__clinit__closure1$$EQJJcLtQ.doCall(User.groovy:10)
	at java.lang.Thread.run(Thread.java:745)
Caused by: java.lang.IllegalArgumentException: Parameter for constraint [max] of property [username] of class [class com.firstApp.User] must be the same type as property: [java.lang.String]
	... 2 more
2017-05-11 17:07:12,181 [Thread-8] ERROR StackTrace  - Full Stack Trace:
org.codehaus.groovy.grails.validation.exceptions.ConstraintException: Exception thrown applying constraint [max] to class [class com.firstApp.User] for value [30]: Parameter for constraint [max] of property [username] of class [class com.firstApp.User] must be the same type as property: [java.lang.String]
	at com.firstApp.User$__clinit__closure1$$EQJJcLtQ.doCall(User.groovy:10)
	at java.lang.Thread.run(Thread.java:745)
Caused by: java.lang.IllegalArgumentException: Parameter for constraint [max] of property [username] of class [class com.firstApp.User] must be the same type as property: [java.lang.String]
	... 2 more
2017-05-11 17:07:12,181 [Thread-8] ERROR StackTrace  - Full Stack Trace:
java.lang.IllegalArgumentException: Parameter for constraint [max] of property [username] of class [class com.firstApp.User] must be the same type as property: [java.lang.String]
	at com.firstApp.User$__clinit__closure1$$EQJJcLtQ.doCall(User.groovy:10)
	at java.lang.Thread.run(Thread.java:745)
2017-05-11 17:07:12,182 [Thread-8] ERROR StackTrace  - Full Stack Trace:
org.codehaus.groovy.grails.validation.exceptions.ConstraintException: Exception thrown applying constraint [max] to class [class com.firstApp.User] for value [30]: Parameter for constraint [max] of property [username] of class [class com.firstApp.User] must be the same type as property: [java.lang.String]
	at com.firstApp.User$__clinit__closure1$$EQJJcLtQ.doCall(User.groovy:10)
	at java.lang.Thread.run(Thread.java:745)
Caused by: java.lang.IllegalArgumentException: Parameter for constraint [max] of property [username] of class [class com.firstApp.User] must be the same type as property: [java.lang.String]
	... 2 more
